C51 COMPILER V9.53.0.0   LCDDIS                                                            09/24/2024 11:37:19 PAGE 1   


C51 COMPILER V9.53.0.0, COMPILATION OF MODULE LCDDIS
OBJECT MODULE PLACED IN lcddis.OBJ
COMPILER INVOKED BY: C:\Keil_v5\C51\BIN\C51.EXE lcddis.c OPTIMIZE(8,SPEED) BROWSE DEBUG OBJECTEXTEND TABS(2)

line level    source

   1          #include <regx51.h>
   2          void delay(unsigned int);
   3          void cmd(unsigned char);
   4          void lcd_wrt(unsigned char);
   5          void string(unsigned char *str);
   6          void main()
   7          {
   8   1      while(1)
   9   1      {
  10   2      cmd(0X38);
  11   2      cmd(0X01);
  12   2      cmd(0X06);
  13   2      cmd(0X0C);
  14   2      cmd(0X80);  
  15   2      string("HELLO TVM");
  16   2      while(1);
  17   2      }
  18   1      }
  19          void cmd(unsigned char b)
  20          {
  21   1      P2=0X04;
  22   1      P3=b;
  23   1      P2=0X00;
  24   1      delay(10);
  25   1      }
  26          void lcd_wrt(unsigned char s)
  27          {
  28   1      P2=0X05;
  29   1      P3=s;
  30   1      P2=0X01;
  31   1      delay(10);
  32   1      }
  33          void string(unsigned char *str)
  34          {
  35   1      int k=0;
  36   1      while(str[k]!= '\0' )
  37   1      {
  38   2      lcd_wrt(str[k]);
  39   2      k++;
  40   2      }
  41   1      }
  42          void delay(unsigned int a)
  43          {
  44   1      unsigned char i;
  45   1      for(;a>0;a--)
  46   1      {
  47   2      for(i=250;i>0;i--);
  48   2      }
  49   1      }


MODULE INFORMATION:   STATIC OVERLAYABLE
   CODE SIZE        =    129    ----
   CONSTANT SIZE    =     10    ----
   XDATA SIZE       =   ----    ----
C51 COMPILER V9.53.0.0   LCDDIS                                                            09/24/2024 11:37:19 PAGE 2   

   PDATA SIZE       =   ----    ----
   DATA SIZE        =   ----       5
   IDATA SIZE       =   ----    ----
   BIT SIZE         =   ----    ----
END OF MODULE INFORMATION.


C51 COMPILATION COMPLETE.  0 WARNING(S),  0 ERROR(S)
